This file contains any messages produced by compilers while
running configure, to aid debugging if configure makes a mistake.

It was created by configure, which was
generated by GNU Autoconf 2.52.  Invocation command line was

  $ ./configure 

## ---------- ##
## Platform.  ##
## ---------- ##

hostname = DESKTOP-J02S1OK
uname -m = x86_64
uname -r = 2.10.0(0.325/5/3)
uname -s = MINGW64_NT-10.0
uname -v = 2018-03-15 14:12

/usr/bin/uname -p = unknown
/bin/uname -X     = unknown

/bin/arch              = x86_64
/usr/bin/arch -k       = unknown
/usr/convex/getsysinfo = unknown
hostinfo               = unknown
/bin/machine           = unknown
/usr/bin/oslevel       = unknown
/bin/universe          = unknown

PATH = /mingw64/bin:/usr/bin:/c/Users/Ezbob/bin:/c/Program Files/Haskell/bin:/c/Program Files/Haskell Platform/8.6.5/lib/extralibs/bin:/c/Program Files/Haskell Platform/8.6.5/bin:/c/Program Files/NVIDIA GPU Computing Toolkit/CUDA/v9.1/bin:/c/Program Files/NVIDIA GPU Computing Toolkit/CUDA/v9.1/libnvvp:/c/Program Files (x86)/Intel/iCLS Client:/c/Program Files/Intel/iCLS Client:/c/Windows/system32:/c/Windows:/c/Windows/System32/Wbem:/c/Windows/System32/WindowsPowerShell/v1.0:/c/Program Files (x86)/Intel/Intel(R) Management Engine Components/DAL:/c/Program Files/Intel/Intel(R) Management Engine Components/DAL:/c/Program Files (x86)/Intel/Intel(R) Management Engine Components/IPT:/c/Program Files/Intel/Intel(R) Management Engine Components/IPT:/c/Program Files (x86)/NVIDIA Corporation/PhysX/Common:/c/Program Files/Intel/WiFi/bin:/c/Program Files/Common Files/Intel/WirelessCommon:/c/WINDOWS/system32:/c/WINDOWS:/c/WINDOWS/System32/Wbem:/c/WINDOWS/System32/WindowsPowerShell/v1.0:/c/WINDOWS/System32/OpenSSH:/cmd:/c/Program Files/nodejs:/c/Program Files/Microsoft VS Code/bin:/c/WINDOWS/system32:/c/WINDOWS:/c/WINDOWS/System32/Wbem:/c/WINDOWS/System32/WindowsPowerShel:/c/Program Files/Haskell Platform/8.6.5/mingw/bin:/c/Program Files/doxygen/bin:/c/Program Files/Conan/conan:/c/Users/Ezbob/AppData/Roaming/cabal/bin:/c/Users/Ezbob/AppData/Roaming/local/bin:/c/Python/Python37/Scripts:/c/Python/Python37:/c/Python/Python37-32/Scripts:/c/Python/Python37-32:/c/Users/Ezbob/.cargo/bin:/c/Program Files (x86)/Elm Platform/0.18/bin:/c/Users/Ezbob/AppData/Local/Microsoft/WindowsApps:/c/Program Files/Intel/WiFi/bin:/c/Program Files/Common Files/Intel/WirelessCommon:/c/Program Files/Microsoft VS Code/bin:/c/Users/Ezbob/AppData/Roaming/npm:/c/Users/Ezbob/AppData/Local/Programs/Microsoft VS Code/bin:/c/Users/Ezbob/Desktop/nim-0.19.4/bin:/c/Users/Ezbob/.nimble/bin:/c/mingw64/x86_64/mingw64/bin:/c/Program Files/CMake/bin:/c/Users/Ezbob/AppData/Local/Microsoft/WindowsApps:/c/Program Files/JetBrains/IntelliJ IDEA Community Edition 2019.2.1/bin:/c/Program Files/Java/jdk-10.0.1/bin:/c/adb:/c/Users/Ezbob/Bin:/c/Users/Ezbob/Bin/love-11.2.0-win64:/c/Program Files/doxygen/bin:/c/mingw64/x86_64/mingw32/bin:/c/Python/Python37:/c/Program Files/CMake/bin:~/Bin/love-11.2.0-win64:~/Bin/cppbootstrap:~/Bin:~/.scriptbin:/c/Program Files/LLVM/bin

## ------------ ##
## Core tests.  ##
## ------------ ##

configure:1135: PATH=".;."; conftest.sh
./configure: line 1136: conftest.sh: command not found
configure:1138: $? = 127
configure:1184: checking for a BSD compatible install
configure:1233: result: /usr/bin/install -c
configure:1244: checking whether build environment is sane
configure:1287: result: yes
configure:1320: checking for mawk
configure:1346: result: no
configure:1320: checking for gawk
configure:1335: found /usr/bin/gawk
configure:1343: result: gawk
configure:1353: checking whether make sets ${MAKE}

## ----------------- ##
## Cache variables.  ##
## ----------------- ##

ac_cv_env_CC_set=set
ac_cv_env_CC_value=/c/mingw64/x86_64/mingw64/bin/gcc.exe
ac_cv_env_CFLAGS_set=
ac_cv_env_CFLAGS_value=
ac_cv_env_CPPFLAGS_set=
ac_cv_env_CPPFLAGS_value=
ac_cv_env_CPP_set=
ac_cv_env_CPP_value=
ac_cv_env_CXXFLAGS_set=
ac_cv_env_CXXFLAGS_value=
ac_cv_env_CXX_set=set
ac_cv_env_CXX_value=/c/mingw64/x86_64/mingw64/bin/g++.exe
ac_cv_env_LDFLAGS_set=
ac_cv_env_LDFLAGS_value=
ac_cv_env_build_alias_set=
ac_cv_env_build_alias_value=
ac_cv_env_host_alias_set=
ac_cv_env_host_alias_value=
ac_cv_env_target_alias_set=
ac_cv_env_target_alias_value=
ac_cv_path_install='/usr/bin/install -c'
ac_cv_prog_AWK=gawk
lt_cv_sys_path_separator=:


configure: exit 2
